<?xml version="1.0" encoding="UTF-8"?>
<testng-results ignored="0" total="1" passed="1" failed="0" skipped="0">
  <reporter-output>
  </reporter-output>
  <suite started-at="2023-08-27T20:04:23 EDT" name="Default suite" finished-at="2023-08-27T20:04:43 EDT" duration-ms="19677">
    <groups>
    </groups>
    <test started-at="2023-08-27T20:04:23 EDT" name="Default test" finished-at="2023-08-27T20:04:43 EDT" duration-ms="19677">
      <class name="com.dell.Automation3.class1">
        <test-method signature="happy()[pri:0, instance:com.dell.Automation3.class1@576d5deb]" started-at="2023-08-27T20:04:23 EDT" name="happy" finished-at="2023-08-27T20:04:43 EDT" duration-ms="19621" status="PASS">
          <reporter-output>
          </reporter-output>
        </test-method> <!-- happy -->
      </class> <!-- com.dell.Automation3.class1 -->
    </test> <!-- Default test -->
  </suite> <!-- Default suite -->
</testng-results>
